<?xml version="1.0" encoding="UTF-8"?>
<!-- Generated by org.testng.reporters.JUnitReportReporter -->
<testsuite hostname="DESKTOP-O2VAEQR" failures="0" tests="1" name="com.seleniumpractiseEnglishHYR.ApachePDFBoxLocalreadData" time="0.774" errors="0" timestamp="2024-06-22T06:01:56 IST" skipped="0">
  <testcase classname="com.seleniumpractiseEnglishHYR.ApachePDFBoxLocalreadData" name="ReadPDFlocalfile" time="0.774"/>
</testsuite> <!-- com.seleniumpractiseEnglishHYR.ApachePDFBoxLocalreadData -->
