<?xml version="1.0" encoding="UTF-8"?>
<!-- Generated by org.testng.reporters.JUnitReportReporter -->
<testsuite hostname="DESKTOP-O2VAEQR" failures="0" tests="1" name="com.seleniumpractiseEnglishHYR.ApachePDFBoxInternetreadData" time="1.335" errors="1" timestamp="2024-06-22T06:38:19 IST" skipped="0">
  <testcase classname="com.seleniumpractiseEnglishHYR.ApachePDFBoxInternetreadData" name="ReadPDFfileInternet" time="1.335">
    <error message="class sun.net.www.protocol.http.HttpURLConnection$HttpInputStream cannot be cast to class org.apache.pdfbox.io.RandomAccessRead (sun.net.www.protocol.http.HttpURLConnection$HttpInputStream is in module java.base of loader &#039;bootstrap&#039;; org.apache.pdfbox.io.RandomAccessRead is in unnamed module of loader &#039;app&#039;)" type="java.lang.ClassCastException">
      <![CDATA[java.lang.ClassCastException: class sun.net.www.protocol.http.HttpURLConnection$HttpInputStream cannot be cast to class org.apache.pdfbox.io.RandomAccessRead (sun.net.www.protocol.http.HttpURLConnection$HttpInputStream is in module java.base of loader 'bootstrap'; org.apache.pdfbox.io.RandomAccessRead is in unnamed module of loader 'app')
at com.seleniumpractiseEnglishHYR.ApachePDFBoxInternetreadData.ReadPDFfileInternet(ApachePDFBoxInternetreadData.java:38)
at java.base/jdk.internal.reflect.NativeMethodAccessorImpl.invoke0(Native Method)
at java.base/jdk.internal.reflect.NativeMethodAccessorImpl.invoke(NativeMethodAccessorImpl.java:78)
at java.base/jdk.internal.reflect.DelegatingMethodAccessorImpl.invoke(DelegatingMethodAccessorImpl.java:43)
at java.base/java.lang.reflect.Method.invoke(Method.java:567)
at org.testng.internal.invokers.MethodInvocationHelper.invokeMethod(MethodInvocationHelper.java:141)
at org.testng.internal.invokers.TestInvoker.invokeMethod(TestInvoker.java:686)
at org.testng.internal.invokers.TestInvoker.invokeTestMethod(TestInvoker.java:230)
at org.testng.internal.invokers.MethodRunner.runInSequence(MethodRunner.java:63)
at org.testng.internal.invokers.TestInvoker$MethodInvocationAgent.invoke(TestInvoker.java:992)
at org.testng.internal.invokers.TestInvoker.invokeTestMethods(TestInvoker.java:203)
at org.testng.internal.invokers.TestMethodWorker.invokeTestMethods(TestMethodWorker.java:154)
at org.testng.internal.invokers.TestMethodWorker.run(TestMethodWorker.java:134)
at java.base/java.util.ArrayList.forEach(ArrayList.java:1511)
at org.testng.TestRunner.privateRun(TestRunner.java:739)
at org.testng.TestRunner.run(TestRunner.java:614)
at org.testng.SuiteRunner.runTest(SuiteRunner.java:421)
at org.testng.SuiteRunner.runSequentially(SuiteRunner.java:413)
at org.testng.SuiteRunner.privateRun(SuiteRunner.java:373)
at org.testng.SuiteRunner.run(SuiteRunner.java:312)
at org.testng.SuiteRunnerWorker.runSuite(SuiteRunnerWorker.java:52)
at org.testng.SuiteRunnerWorker.run(SuiteRunnerWorker.java:95)
at org.testng.TestNG.runSuitesSequentially(TestNG.java:1274)
at org.testng.TestNG.runSuitesLocally(TestNG.java:1208)
at org.testng.TestNG.runSuites(TestNG.java:1112)
at org.testng.TestNG.run(TestNG.java:1079)
at org.testng.remote.AbstractRemoteTestNG.run(AbstractRemoteTestNG.java:115)
at org.testng.remote.RemoteTestNG.initAndRun(RemoteTestNG.java:293)
at org.testng.remote.RemoteTestNG.main(RemoteTestNG.java:91)
]]>
    </error>
  </testcase> <!-- ReadPDFfileInternet -->
</testsuite> <!-- com.seleniumpractiseEnglishHYR.ApachePDFBoxInternetreadData -->
